<?xml version="1.0" encoding="UTF-8"?>
<testng-results ignored="0" total="2" passed="2" failed="0" skipped="0">
  <reporter-output>
  </reporter-output>
  <suite started-at="2022-02-23T14:45:32 IST" name="Default suite" finished-at="2022-02-23T14:47:30 IST" duration-ms="117857">
    <groups>
    </groups>
    <test started-at="2022-02-23T14:45:32 IST" name="Default test" finished-at="2022-02-23T14:47:30 IST" duration-ms="117857">
      <class name="com.Functionalities.AppTest2">
        <test-method is-config="true" signature="launchApp()[pri:0, instance:com.Functionalities.AppTest2@741a8937]" started-at="2022-02-23T14:45:32 IST" name="launchApp" finished-at="2022-02-23T14:46:08 IST" duration-ms="35546" status="PASS">
          <reporter-output>
          </reporter-output>
        </test-method> <!-- launchApp -->
        <test-method signature="registration()[pri:0, instance:com.Functionalities.AppTest2@741a8937]" started-at="2022-02-23T14:46:08 IST" name="registration" finished-at="2022-02-23T14:46:37 IST" duration-ms="28965" status="PASS">
          <reporter-output>
          </reporter-output>
        </test-method> <!-- registration -->
        <test-method is-config="true" signature="launchApp()[pri:0, instance:com.Functionalities.AppTest2@741a8937]" started-at="2022-02-23T14:46:37 IST" name="launchApp" finished-at="2022-02-23T14:46:55 IST" duration-ms="18642" status="PASS">
          <reporter-output>
          </reporter-output>
        </test-method> <!-- launchApp -->
        <test-method signature="login()[pri:1, instance:com.Functionalities.AppTest2@741a8937]" started-at="2022-02-23T14:46:55 IST" name="login" finished-at="2022-02-23T14:47:30 IST" duration-ms="34646" status="PASS">
          <reporter-output>
          </reporter-output>
        </test-method> <!-- login -->
      </class> <!-- com.Functionalities.AppTest2 -->
    </test> <!-- Default test -->
  </suite> <!-- Default suite -->
</testng-results>
